\BOOKMARK [1][-]{section.1}{Introduction}{}% 1
\BOOKMARK [2][-]{subsection.1.1}{Background}{section.1}% 2
\BOOKMARK [3][-]{subsubsection.1.1.1}{Machine Learning}{subsection.1.1}% 3
\BOOKMARK [3][-]{subsubsection.1.1.2}{DeltaIoT: Internet of Things Application}{subsection.1.1}% 4
\BOOKMARK [3][-]{subsubsection.1.1.3}{ActivFORMS}{subsection.1.1}% 5
\BOOKMARK [2][-]{subsection.1.2}{Problem Formulation}{section.1}% 6
\BOOKMARK [2][-]{subsection.1.3}{Motivation}{section.1}% 7
\BOOKMARK [2][-]{subsection.1.4}{Research Question}{section.1}% 8
\BOOKMARK [2][-]{subsection.1.5}{Scope/Limitation}{section.1}% 9
\BOOKMARK [2][-]{subsection.1.6}{Target Group}{section.1}% 10
\BOOKMARK [2][-]{subsection.1.7}{Outline}{section.1}% 11
\BOOKMARK [1][-]{section.2}{Method}{}% 12
\BOOKMARK [1][-]{section.3}{Approach}{}% 13
\BOOKMARK [2][-]{subsection.3.1}{Overview}{section.3}% 14
\BOOKMARK [2][-]{subsection.3.2}{Online Supervised Learning}{section.3}% 15
\BOOKMARK [3][-]{subsubsection.3.2.1}{Preprocessing}{subsection.3.2}% 16
\BOOKMARK [4][-]{paragraph.3.2.1.1}{Data Preprocessing}{subsubsection.3.2.1}% 17
\BOOKMARK [4][-]{paragraph.3.2.1.2}{Feature Selection}{subsubsection.3.2.1}% 18
\BOOKMARK [4][-]{paragraph.3.2.1.3}{Feature Scaling and Model Selection}{subsubsection.3.2.1}% 19
\BOOKMARK [3][-]{subsubsection.3.2.2}{Training and Testing}{subsection.3.2}% 20
\BOOKMARK [1][-]{section.4}{Implementation}{}% 21
\BOOKMARK [2][-]{subsection.4.1}{Settings}{section.4}% 22
\BOOKMARK [2][-]{subsection.4.2}{Preprocessing}{section.4}% 23
\BOOKMARK [3][-]{subsubsection.4.2.1}{Data Preprocessing}{subsection.4.2}% 24
\BOOKMARK [3][-]{subsubsection.4.2.2}{Feature Selection}{subsection.4.2}% 25
\BOOKMARK [3][-]{subsubsection.4.2.3}{Feature Scaling and Model Selection}{subsection.4.2}% 26
\BOOKMARK [2][-]{subsection.4.3}{Training and Testing}{section.4}% 27
\BOOKMARK [1][-]{section.5}{Results and Analysis}{}% 28
\BOOKMARK [2][-]{subsection.5.1}{Comparison of the Approaches}{section.5}% 29
\BOOKMARK [2][-]{subsection.5.2}{Comparison of the Selected Adaptation Options}{section.5}% 30
\BOOKMARK [1][-]{section.6}{Related Work}{}% 31
\BOOKMARK [1][-]{section.7}{Conclusion and Future Work}{}% 32
\BOOKMARK [1][-]{section.7}{References}{}% 33
\BOOKMARK [1][-]{appendix.A}{Appendix 1}{}% 34
\BOOKMARK [2][-]{subsection.A.1}{Feature Selection Algorithms}{appendix.A}% 35
\BOOKMARK [2][-]{subsection.A.2}{Feature Scaling Algorithms}{appendix.A}% 36
\BOOKMARK [2][-]{subsection.A.3}{Learning Algorithms}{appendix.A}% 37
\BOOKMARK [1][-]{appendix.B}{Appendix 2}{}% 38
\BOOKMARK [2][-]{subsection.B.1}{The Selection of SGD for Classification Approach}{appendix.B}% 39
\BOOKMARK [2][-]{subsection.B.2}{The Selection of SGD for Regression Approach}{appendix.B}% 40
\BOOKMARK [1][-]{appendix.C}{Appendix 3}{}% 41
